<?xml version="1.0" encoding="UTF-8"?>
<!-- Generated by org.testng.reporters.JUnitReportReporter -->
<testsuite hostname="SASTRY" failures="0" tests="2" name="qaclickacademy.SeleniumTest" time="0.000" errors="0" timestamp="2019-12-06T12:11:48 IST" skipped="0">
  <testcase classname="qaclickacademy.SeleniumTest" name="Gautomation" time="0.000"/>
  <testcase classname="qaclickacademy.SeleniumTest" name="Bautomation" time="0.000"/>
</testsuite> <!-- qaclickacademy.SeleniumTest -->
