<?xml version="1.0" encoding="UTF-8"?>
<!-- Generated by org.testng.reporters.JUnitReportReporter -->
<testsuite hostname="SASTRY" failures="0" tests="2" name="qaclickacademy.Appium" time="0.016" errors="0" timestamp="2019-12-06T12:11:48 IST" skipped="0">
  <testcase classname="qaclickacademy.Appium" name="Mautomation" time="0.008"/>
  <testcase classname="qaclickacademy.Appium" name="Fautomation" time="0.008"/>
</testsuite> <!-- qaclickacademy.Appium -->
