<?xml version="1.0" encoding="UTF-8"?>
<!-- Generated by org.testng.reporters.JUnitReportReporter -->
<testsuite hostname="SASTRY" failures="0" tests="2" name="qaclickacademy.Api" time="0.061" errors="0" timestamp="2019-12-06T12:11:48 IST" skipped="0">
  <testcase classname="qaclickacademy.Api" name="Iautomation" time="0.061"/>
  <testcase classname="qaclickacademy.Api" name="Tautomation" time="0.000"/>
</testsuite> <!-- qaclickacademy.Api -->
