<?xml version="1.0" encoding="UTF-8"?>
<!-- Generated by org.testng.reporters.JUnitReportReporter -->
<testsuite hostname="SASTRY" failures="0" tests="2" name="qaclickacademy.ApiTest" time="0.011" errors="0" timestamp="2019-12-08T10:49:22 IST" skipped="0">
  <testcase classname="qaclickacademy.ApiTest" name="Iautomation" time="0.010"/>
  <testcase classname="qaclickacademy.ApiTest" name="Tautomation" time="0.001"/>
</testsuite> <!-- qaclickacademy.ApiTest -->
