<?xml version="1.0" encoding="UTF-8"?>
<!-- Generated by org.testng.reporters.JUnitReportReporter -->
<testsuite hostname="SASTRY" failures="0" tests="2" name="qaclickacademy.AppiumTest" time="0.000" errors="0" timestamp="2019-12-08T10:49:22 IST" skipped="0">
  <testcase classname="qaclickacademy.AppiumTest" name="Mautomation" time="0.000"/>
  <testcase classname="qaclickacademy.AppiumTest" name="Fautomation" time="0.000"/>
</testsuite> <!-- qaclickacademy.AppiumTest -->
